<?xml version="1.0" encoding="UTF-8"?>
<testng-results ignored="0" total="1" passed="1" failed="0" skipped="0">
  <reporter-output>
  </reporter-output>
  <suite started-at="2021-07-02T12:25:21 IST" name="Default suite" finished-at="2021-07-02T12:25:25 IST" duration-ms="3725">
    <groups>
    </groups>
    <test started-at="2021-07-02T12:25:21 IST" name="Default test" finished-at="2021-07-02T12:25:25 IST" duration-ms="3725">
      <class name="Api_Response.TC_06_PatchuserUpdate">
        <test-method signature="Patch()[pri:0, instance:Api_Response.TC_06_PatchuserUpdate@19d481b]" started-at="2021-07-02T12:25:21 IST" name="Patch" finished-at="2021-07-02T12:25:25 IST" duration-ms="3650" status="PASS">
          <reporter-output>
          </reporter-output>
        </test-method> <!-- Patch -->
      </class> <!-- Api_Response.TC_06_PatchuserUpdate -->
    </test> <!-- Default test -->
  </suite> <!-- Default suite -->
</testng-results>
